Arguments: 
  /usr/local/bin/node /usr/local/bin/yarn add react:15.0

PATH: 
  /Users/georgikostov/.rbenv/shims:/usr/local/bin:/usr/bin:/bin:/usr/sbin:/sbin:/usr/local/MacGPG2/bin

Yarn version: 
  0.24.6

Node version: 
  6.9.1

Platform: 
  darwin x64

npm manifest: 
  No manifest

yarn manifest: 
  No manifest

Lockfile: 
  # THIS IS AN AUTOGENERATED FILE. DO NOT EDIT THIS FILE DIRECTLY.
  # yarn lockfile v1

Trace: 
  Error: react:15.0: Invalid protocol: react:
      at Request.init (/usr/local/Cellar/yarn/0.24.6/libexec/lib/yarn-cli.js:108126:31)
      at new Request (/usr/local/Cellar/yarn/0.24.6/libexec/lib/yarn-cli.js:107796:8)
      at request (/usr/local/Cellar/yarn/0.24.6/libexec/lib/yarn-cli.js:106394:10)
      at RequestManager.execute (/usr/local/Cellar/yarn/0.24.6/libexec/lib/yarn-cli.js:56300:17)
      at RequestManager.shiftQueue (/usr/local/Cellar/yarn/0.24.6/libexec/lib/yarn-cli.js:56327:10)
      at promise.default (/usr/local/Cellar/yarn/0.24.6/libexec/lib/yarn-cli.js:56104:12)
      at Promise.F (/usr/local/Cellar/yarn/0.24.6/libexec/lib/yarn-cli.js:29142:28)
      at RequestManager.request (/usr/local/Cellar/yarn/0.24.6/libexec/lib/yarn-cli.js:56102:21)
      at NpmRegistry.request (/usr/local/Cellar/yarn/0.24.6/libexec/lib/yarn-cli.js:30492:32)
      at /usr/local/Cellar/yarn/0.24.6/libexec/lib/yarn-cli.js:43431:54
